Arguments: 
  /usr/bin/node /usr/sbin/yarn install --network-timeout=99999

PATH: 
  /root/.local/share/solana/install/active_release/bin:/root/.cargo/bin:/usr/local/sbin:/usr/local/bin:/usr/sbin:/usr/bin:/sbin:/bin

Yarn version: 
  1.22.17

Node version: 
  17.7.0

Platform: 
  linux x64

Trace: 
  Error: getaddrinfo ENOTFOUND project-serum
      at GetAddrInfoReqWrap.onlookup [as oncomplete] (node:dns:72:26)

npm manifest: 
  {
      "dependencies": {
          "@project-serum/anchor": "^0.21.0",
          "@solana/spl-token": "^^0.2.0"
      },
      "devDependencies": {
          "chai": "^4.3.4",
          "mocha": "^9.0.3",
          "ts-mocha": "^9.0.2",
          "@types/mocha": "^9.0.0",
          "typescript": "^4.3.5"
      }
  }

yarn manifest: 
  No manifest

Lockfile: 
  No lockfile
